2026.06.03 15:46:08 INFO  Started: Metals version 1.6.7 in folders '/home/rramos/coding/smartpark' for client Visual Studio Code 1.122.1.[0m
2026.06.03 15:46:08 INFO  Memory monitor started[0m
2026.06.03 15:46:08 WARN  Using H2 2.4.240 which is newer than the version Flyway has been verified with. The latest verified version of H2 is 2.3.232.[0m
2026.06.03 15:46:09 INFO  no build target found for /home/rramos/coding/smartpark/src/main/java/com/rethramos/smartpark/SmartparkApplication.java. Using fallback presentation compiler.[0m
2026.06.03 15:46:10 INFO  no build target found for /home/rramos/coding/smartpark/src/main/java/com/rethramos/smartpark/SmartparkApplication.java. Using fallback presentation compiler.[0m
2026.06.03 15:58:06 WARN  no build target for: /home/rramos/coding/smartpark/src/main/java/com/rethramos/smartpark/SmartparkApplication.java[0m
2026.06.03 15:58:06 INFO  no build target found for /home/rramos/coding/smartpark/src/main/java/com/rethramos/smartpark/SmartparkApplication.java. Using fallback presentation compiler.[0m
2026.06.03 15:59:21 WARN  no build target for: /home/rramos/coding/smartpark/src/main/java/com/rethramos/smartpark/ParkingLot.java[0m
2026.06.03 15:59:21 WARN  Running javac-semanticdb failed for file:///home/rramos/coding/smartpark/src/main/java/com/rethramos/smartpark/ParkingLot.java. Output:
[0m
2026.06.03 15:59:21 INFO  no build target found for /home/rramos/coding/smartpark/src/main/java/com/rethramos/smartpark/ParkingLot.java. Using fallback presentation compiler.[0m
2026.06.03 15:59:21 INFO  no build target found for /home/rramos/coding/smartpark/src/main/java/com/rethramos/smartpark/ParkingLot.java. Using fallback presentation compiler.[0m
2026.06.03 15:59:21 INFO  no build target found for /home/rramos/coding/smartpark/src/main/java/com/rethramos/smartpark/ParkingLot.java. Using fallback presentation compiler.[0m
2026.06.03 15:59:21 INFO  no build target found for /home/rramos/coding/smartpark/src/main/java/com/rethramos/smartpark/ParkingLot.java. Using fallback presentation compiler.[0m
2026.06.03 15:59:21 INFO  no build target found for /home/rramos/coding/smartpark/src/main/java/com/rethramos/smartpark/ParkingLot.java. Using fallback presentation compiler.[0m
2026.06.03 15:59:21 WARN  no build target for: /home/rramos/coding/smartpark/src/main/java/com/rethramos/smartpark/ParkingLot.java[0m
2026.06.03 15:59:21 INFO  no build target found for /home/rramos/coding/smartpark/src/main/java/com/rethramos/smartpark/ParkingLot.java. Using fallback presentation compiler.[0m
2026.06.03 15:59:23 INFO  no build target found for /home/rramos/coding/smartpark/src/main/java/com/rethramos/smartpark/ParkingLot.java. Using fallback presentation compiler.[0m
2026.06.03 15:59:23 INFO  no build target found for /home/rramos/coding/smartpark/src/main/java/com/rethramos/smartpark/ParkingLot.java. Using fallback presentation compiler.[0m
2026.06.03 15:59:23 INFO  no build target found for /home/rramos/coding/smartpark/src/main/java/com/rethramos/smartpark/ParkingLot.java. Using fallback presentation compiler.[0m
2026.06.03 15:59:23 INFO  no build target found for /home/rramos/coding/smartpark/src/main/java/com/rethramos/smartpark/ParkingLot.java. Using fallback presentation compiler.[0m
2026.06.03 15:59:23 INFO  no build target found for /home/rramos/coding/smartpark/src/main/java/com/rethramos/smartpark/ParkingLot.java. Using fallback presentation compiler.[0m
2026.06.03 15:59:23 INFO  no build target found for /home/rramos/coding/smartpark/src/main/java/com/rethramos/smartpark/ParkingLot.java. Using fallback presentation compiler.[0m
2026.06.03 15:59:24 INFO  no build target found for /home/rramos/coding/smartpark/src/main/java/com/rethramos/smartpark/ParkingLot.java. Using fallback presentation compiler.[0m
2026.06.03 15:59:24 INFO  no build target found for /home/rramos/coding/smartpark/src/main/java/com/rethramos/smartpark/ParkingLot.java. Using fallback presentation compiler.[0m
2026.06.03 15:59:24 INFO  no build target found for /home/rramos/coding/smartpark/src/main/java/com/rethramos/smartpark/ParkingLot.java. Using fallback presentation compiler.[0m
2026.06.03 15:59:24 INFO  no build target found for /home/rramos/coding/smartpark/src/main/java/com/rethramos/smartpark/ParkingLot.java. Using fallback presentation compiler.[0m
2026.06.03 15:59:24 INFO  no build target found for /home/rramos/coding/smartpark/src/main/java/com/rethramos/smartpark/ParkingLot.java. Using fallback presentation compiler.[0m
2026.06.03 15:59:24 INFO  no build target found for /home/rramos/coding/smartpark/src/main/java/com/rethramos/smartpark/ParkingLot.java. Using fallback presentation compiler.[0m
2026.06.03 15:59:24 INFO  no build target found for /home/rramos/coding/smartpark/src/main/java/com/rethramos/smartpark/ParkingLot.java. Using fallback presentation compiler.[0m
2026.06.03 15:59:25 INFO  no build target found for /home/rramos/coding/smartpark/src/main/java/com/rethramos/smartpark/ParkingLot.java. Using fallback presentation compiler.[0m
2026.06.03 15:59:26 INFO  no build target found for /home/rramos/coding/smartpark/src/main/java/com/rethramos/smartpark/ParkingLot.java. Using fallback presentation compiler.[0m
2026.06.03 15:59:27 INFO  no build target found for /home/rramos/coding/smartpark/src/main/java/com/rethramos/smartpark/ParkingLot.java. Using fallback presentation compiler.[0m
2026.06.03 15:59:26 INFO  no build target found for /home/rramos/coding/smartpark/src/main/java/com/rethramos/smartpark/ParkingLot.java. Using fallback presentation compiler.[0m
2026.06.03 15:59:26 INFO  no build target found for /home/rramos/coding/smartpark/src/main/java/com/rethramos/smartpark/ParkingLot.java. Using fallback presentation compiler.[0m
2026.06.03 15:59:28 INFO  no build target found for /home/rramos/coding/smartpark/src/main/java/com/rethramos/smartpark/ParkingLot.java. Using fallback presentation compiler.[0m
2026.06.03 15:59:28 INFO  no build target found for /home/rramos/coding/smartpark/src/main/java/com/rethramos/smartpark/ParkingLot.java. Using fallback presentation compiler.[0m
2026.06.03 15:59:28 INFO  no build target found for /home/rramos/coding/smartpark/src/main/java/com/rethramos/smartpark/ParkingLot.java. Using fallback presentation compiler.[0m
2026.06.03 15:59:28 INFO  no build target found for /home/rramos/coding/smartpark/src/main/java/com/rethramos/smartpark/ParkingLot.java. Using fallback presentation compiler.[0m
2026.06.03 15:59:28 INFO  no build target found for /home/rramos/coding/smartpark/src/main/java/com/rethramos/smartpark/ParkingLot.java. Using fallback presentation compiler.[0m
2026.06.03 15:59:28 INFO  no build target found for /home/rramos/coding/smartpark/src/main/java/com/rethramos/smartpark/ParkingLot.java. Using fallback presentation compiler.[0m
2026.06.03 15:59:28 INFO  no build target found for /home/rramos/coding/smartpark/src/main/java/com/rethramos/smartpark/ParkingLot.java. Using fallback presentation compiler.[0m
2026.06.03 15:59:28 INFO  no build target found for /home/rramos/coding/smartpark/src/main/java/com/rethramos/smartpark/ParkingLot.java. Using fallback presentation compiler.[0m
2026.06.03 15:59:29 INFO  no build target found for /home/rramos/coding/smartpark/src/main/java/com/rethramos/smartpark/ParkingLot.java. Using fallback presentation compiler.[0m
2026.06.03 15:59:35 INFO  no build target found for /home/rramos/coding/smartpark/src/main/java/com/rethramos/smartpark/ParkingLot.java. Using fallback presentation compiler.[0m
2026.06.03 15:59:35 INFO  no build target found for /home/rramos/coding/smartpark/src/main/java/com/rethramos/smartpark/ParkingLot.java. Using fallback presentation compiler.[0m
2026.06.03 15:59:35 INFO  no build target found for /home/rramos/coding/smartpark/src/main/java/com/rethramos/smartpark/ParkingLot.java. Using fallback presentation compiler.[0m
2026.06.03 15:59:36 INFO  no build target found for /home/rramos/coding/smartpark/src/main/java/com/rethramos/smartpark/ParkingLot.java. Using fallback presentation compiler.[0m
2026.06.03 15:59:36 INFO  no build target found for /home/rramos/coding/smartpark/src/main/java/com/rethramos/smartpark/ParkingLot.java. Using fallback presentation compiler.[0m
2026.06.03 15:59:36 INFO  no build target found for /home/rramos/coding/smartpark/src/main/java/com/rethramos/smartpark/ParkingLot.java. Using fallback presentation compiler.[0m
2026.06.03 15:59:36 INFO  no build target found for /home/rramos/coding/smartpark/src/main/java/com/rethramos/smartpark/ParkingLot.java. Using fallback presentation compiler.[0m
2026.06.03 15:59:37 INFO  no build target found for /home/rramos/coding/smartpark/src/main/java/com/rethramos/smartpark/ParkingLot.java. Using fallback presentation compiler.[0m
2026.06.03 15:59:39 INFO  no build target found for /home/rramos/coding/smartpark/src/main/java/com/rethramos/smartpark/ParkingLot.java. Using fallback presentation compiler.[0m
2026.06.03 15:59:39 INFO  no build target found for /home/rramos/coding/smartpark/src/main/java/com/rethramos/smartpark/ParkingLot.java. Using fallback presentation compiler.[0m
2026.06.03 15:59:39 INFO  no build target found for /home/rramos/coding/smartpark/src/main/java/com/rethramos/smartpark/ParkingLot.java. Using fallback presentation compiler.[0m
2026.06.03 15:59:40 INFO  no build target found for /home/rramos/coding/smartpark/src/main/java/com/rethramos/smartpark/ParkingLot.java. Using fallback presentation compiler.[0m
2026.06.03 15:59:40 INFO  no build target found for /home/rramos/coding/smartpark/src/main/java/com/rethramos/smartpark/ParkingLot.java. Using fallback presentation compiler.[0m
2026.06.03 15:59:39 INFO  no build target found for /home/rramos/coding/smartpark/src/main/java/com/rethramos/smartpark/ParkingLot.java. Using fallback presentation compiler.[0m
2026.06.03 15:59:40 INFO  no build target found for /home/rramos/coding/smartpark/src/main/java/com/rethramos/smartpark/ParkingLot.java. Using fallback presentation compiler.[0m
2026.06.03 15:59:40 INFO  no build target found for /home/rramos/coding/smartpark/src/main/java/com/rethramos/smartpark/ParkingLot.java. Using fallback presentation compiler.[0m
2026.06.03 15:59:40 INFO  no build target found for /home/rramos/coding/smartpark/src/main/java/com/rethramos/smartpark/ParkingLot.java. Using fallback presentation compiler.[0m
2026.06.03 15:59:40 INFO  no build target found for /home/rramos/coding/smartpark/src/main/java/com/rethramos/smartpark/ParkingLot.java. Using fallback presentation compiler.[0m
2026.06.03 15:59:40 INFO  no build target found for /home/rramos/coding/smartpark/src/main/java/com/rethramos/smartpark/ParkingLot.java. Using fallback presentation compiler.[0m
2026.06.03 15:59:40 INFO  no build target found for /home/rramos/coding/smartpark/src/main/java/com/rethramos/smartpark/ParkingLot.java. Using fallback presentation compiler.[0m
2026.06.03 15:59:40 INFO  no build target found for /home/rramos/coding/smartpark/src/main/java/com/rethramos/smartpark/ParkingLot.java. Using fallback presentation compiler.[0m
2026.06.03 15:59:40 INFO  no build target found for /home/rramos/coding/smartpark/src/main/java/com/rethramos/smartpark/ParkingLot.java. Using fallback presentation compiler.[0m
2026.06.03 15:59:40 INFO  no build target found for /home/rramos/coding/smartpark/src/main/java/com/rethramos/smartpark/ParkingLot.java. Using fallback presentation compiler.[0m
2026.06.03 15:59:41 INFO  no build target found for /home/rramos/coding/smartpark/src/main/java/com/rethramos/smartpark/ParkingLot.java. Using fallback presentation compiler.[0m
2026.06.03 15:59:41 INFO  no build target found for /home/rramos/coding/smartpark/src/main/java/com/rethramos/smartpark/ParkingLot.java. Using fallback presentation compiler.[0m
2026.06.03 15:59:41 INFO  no build target found for /home/rramos/coding/smartpark/src/main/java/com/rethramos/smartpark/ParkingLot.java. Using fallback presentation compiler.[0m
2026.06.03 15:59:41 INFO  no build target found for /home/rramos/coding/smartpark/src/main/java/com/rethramos/smartpark/ParkingLot.java. Using fallback presentation compiler.[0m
2026.06.03 15:59:42 INFO  no build target found for /home/rramos/coding/smartpark/src/main/java/com/rethramos/smartpark/ParkingLot.java. Using fallback presentation compiler.[0m
2026.06.03 15:59:44 INFO  no build target found for /home/rramos/coding/smartpark/src/main/java/com/rethramos/smartpark/ParkingLot.java. Using fallback presentation compiler.[0m
2026.06.03 15:59:44 INFO  no build target found for /home/rramos/coding/smartpark/src/main/java/com/rethramos/smartpark/ParkingLot.java. Using fallback presentation compiler.[0m
2026.06.03 15:59:44 INFO  no build target found for /home/rramos/coding/smartpark/src/main/java/com/rethramos/smartpark/ParkingLot.java. Using fallback presentation compiler.[0m
2026.06.03 15:59:44 INFO  no build target found for /home/rramos/coding/smartpark/src/main/java/com/rethramos/smartpark/ParkingLot.java. Using fallback presentation compiler.[0m
2026.06.03 15:59:44 INFO  no build target found for /home/rramos/coding/smartpark/src/main/java/com/rethramos/smartpark/ParkingLot.java. Using fallback presentation compiler.[0m
2026.06.03 15:59:44 INFO  no build target found for /home/rramos/coding/smartpark/src/main/java/com/rethramos/smartpark/ParkingLot.java. Using fallback presentation compiler.[0m
2026.06.03 15:59:44 INFO  no build target found for /home/rramos/coding/smartpark/src/main/java/com/rethramos/smartpark/ParkingLot.java. Using fallback presentation compiler.[0m
2026.06.03 15:59:45 INFO  no build target found for /home/rramos/coding/smartpark/src/main/java/com/rethramos/smartpark/ParkingLot.java. Using fallback presentation compiler.[0m
2026.06.03 15:59:45 INFO  no build target found for /home/rramos/coding/smartpark/src/main/java/com/rethramos/smartpark/ParkingLot.java. Using fallback presentation compiler.[0m
2026.06.03 15:59:45 INFO  no build target found for /home/rramos/coding/smartpark/src/main/java/com/rethramos/smartpark/ParkingLot.java. Using fallback presentation compiler.[0m
2026.06.03 15:59:46 INFO  no build target found for /home/rramos/coding/smartpark/src/main/java/com/rethramos/smartpark/ParkingLot.java. Using fallback presentation compiler.[0m
2026.06.03 15:59:46 INFO  no build target found for /home/rramos/coding/smartpark/src/main/java/com/rethramos/smartpark/ParkingLot.java. Using fallback presentation compiler.[0m
2026.06.03 15:59:46 INFO  no build target found for /home/rramos/coding/smartpark/src/main/java/com/rethramos/smartpark/ParkingLot.java. Using fallback presentation compiler.[0m
2026.06.03 15:59:46 INFO  no build target found for /home/rramos/coding/smartpark/src/main/java/com/rethramos/smartpark/ParkingLot.java. Using fallback presentation compiler.[0m
2026.06.03 15:59:46 INFO  no build target found for /home/rramos/coding/smartpark/src/main/java/com/rethramos/smartpark/ParkingLot.java. Using fallback presentation compiler.[0m
2026.06.03 15:59:47 INFO  no build target found for /home/rramos/coding/smartpark/src/main/java/com/rethramos/smartpark/ParkingLot.java. Using fallback presentation compiler.[0m
2026.06.03 15:59:46 INFO  no build target found for /home/rramos/coding/smartpark/src/main/java/com/rethramos/smartpark/ParkingLot.java. Using fallback presentation compiler.[0m
2026.06.03 15:59:46 INFO  no build target found for /home/rramos/coding/smartpark/src/main/java/com/rethramos/smartpark/ParkingLot.java. Using fallback presentation compiler.[0m
2026.06.03 15:59:47 INFO  no build target found for /home/rramos/coding/smartpark/src/main/java/com/rethramos/smartpark/ParkingLot.java. Using fallback presentation compiler.[0m
2026.06.03 15:59:47 INFO  no build target found for /home/rramos/coding/smartpark/src/main/java/com/rethramos/smartpark/ParkingLot.java. Using fallback presentation compiler.[0m
2026.06.03 15:59:47 INFO  no build target found for /home/rramos/coding/smartpark/src/main/java/com/rethramos/smartpark/ParkingLot.java. Using fallback presentation compiler.[0m
2026.06.03 15:59:47 INFO  no build target found for /home/rramos/coding/smartpark/src/main/java/com/rethramos/smartpark/ParkingLot.java. Using fallback presentation compiler.[0m
2026.06.03 15:59:47 INFO  no build target found for /home/rramos/coding/smartpark/src/main/java/com/rethramos/smartpark/ParkingLot.java. Using fallback presentation compiler.[0m
2026.06.03 15:59:47 INFO  no build target found for /home/rramos/coding/smartpark/src/main/java/com/rethramos/smartpark/ParkingLot.java. Using fallback presentation compiler.[0m
2026.06.03 15:59:48 INFO  no build target found for /home/rramos/coding/smartpark/src/main/java/com/rethramos/smartpark/ParkingLot.java. Using fallback presentation compiler.[0m
2026.06.03 15:59:48 INFO  no build target found for /home/rramos/coding/smartpark/src/main/java/com/rethramos/smartpark/ParkingLot.java. Using fallback presentation compiler.[0m
2026.06.03 15:59:48 INFO  no build target found for /home/rramos/coding/smartpark/src/main/java/com/rethramos/smartpark/ParkingLot.java. Using fallback presentation compiler.[0m
2026.06.03 15:59:48 INFO  no build target found for /home/rramos/coding/smartpark/src/main/java/com/rethramos/smartpark/ParkingLot.java. Using fallback presentation compiler.[0m
2026.06.03 15:59:48 INFO  no build target found for /home/rramos/coding/smartpark/src/main/java/com/rethramos/smartpark/ParkingLot.java. Using fallback presentation compiler.[0m
2026.06.03 15:59:49 INFO  no build target found for /home/rramos/coding/smartpark/src/main/java/com/rethramos/smartpark/ParkingLot.java. Using fallback presentation compiler.[0m
2026.06.03 15:59:50 INFO  no build target found for /home/rramos/coding/smartpark/src/main/java/com/rethramos/smartpark/ParkingLot.java. Using fallback presentation compiler.[0m
2026.06.03 15:59:50 INFO  no build target found for /home/rramos/coding/smartpark/src/main/java/com/rethramos/smartpark/ParkingLot.java. Using fallback presentation compiler.[0m
2026.06.03 15:59:54 INFO  no build target found for /home/rramos/coding/smartpark/src/main/java/com/rethramos/smartpark/ParkingLot.java. Using fallback presentation compiler.[0m
2026.06.03 15:59:54 INFO  no build target found for /home/rramos/coding/smartpark/src/main/java/com/rethramos/smartpark/ParkingLot.java. Using fallback presentation compiler.[0m
2026.06.03 15:59:56 INFO  no build target found for /home/rramos/coding/smartpark/src/main/java/com/rethramos/smartpark/ParkingLot.java. Using fallback presentation compiler.[0m
2026.06.03 15:59:56 WARN  no build target for: /home/rramos/coding/smartpark/src/main/java/com/rethramos/smartpark/ParkingLot.java[0m
2026.06.03 15:59:56 INFO  no build target found for /home/rramos/coding/smartpark/src/main/java/com/rethramos/smartpark/ParkingLot.java. Using fallback presentation compiler.[0m
2026.06.03 16:00:05 INFO  no build target found for /home/rramos/coding/smartpark/src/main/java/com/rethramos/smartpark/ParkingLot.java. Using fallback presentation compiler.[0m
2026.06.03 16:00:05 INFO  no build target found for /home/rramos/coding/smartpark/src/main/java/com/rethramos/smartpark/SmartparkApplication.java. Using fallback presentation compiler.[0m
2026.06.03 16:00:05 WARN  no build target for: /home/rramos/coding/smartpark/src/main/java/com/rethramos/smartpark/SmartparkApplication.java[0m
2026.06.03 16:00:05 INFO  no build target found for /home/rramos/coding/smartpark/src/main/java/com/rethramos/smartpark/SmartparkApplication.java. Using fallback presentation compiler.[0m
2026.06.03 16:00:05 INFO  no build target found for /home/rramos/coding/smartpark/src/main/java/com/rethramos/smartpark/SmartparkApplication.java. Using fallback presentation compiler.[0m
2026.06.03 16:00:05 INFO  no build target found for /home/rramos/coding/smartpark/src/main/java/com/rethramos/smartpark/SmartparkApplication.java. Using fallback presentation compiler.[0m
2026.06.03 16:00:06 INFO  no build target found for /home/rramos/coding/smartpark/src/main/java/com/rethramos/smartpark/SmartparkApplication.java. Using fallback presentation compiler.[0m
2026.06.03 16:00:07 INFO  no build target found for /home/rramos/coding/smartpark/src/main/java/com/rethramos/smartpark/SmartparkApplication.java. Using fallback presentation compiler.[0m
2026.06.03 16:00:37 INFO  skipping build import with status 'Dismissed'[0m
Jun 03, 2026 4:00:40 PM org.eclipse.lsp4j.jsonrpc.services.GenericEndpoint notify
INFO: Unsupported notification method: $/setTrace
